{"D:\\student_projects\\unit_tests\\chunk.js": {"path":"D:\\student_projects\\unit_tests\\chunk.js","statementMap":{"0":{"start":{"line":1,"column":30},"end":{"line":1,"column":51}},"1":{"start":{"line":4,"column":4},"end":{"line":18,"column":5}},"2":{"start":{"line":5,"column":21},"end":{"line":5,"column":23}},"3":{"start":{"line":6,"column":20},"end":{"line":6,"column":22}},"4":{"start":{"line":7,"column":6},"end":{"line":13,"column":7}},"5":{"start":{"line":7,"column":19},"end":{"line":7,"column":20}},"6":{"start":{"line":8,"column":8},"end":{"line":8,"column":45}},"7":{"start":{"line":9,"column":8},"end":{"line":12,"column":9}},"8":{"start":{"line":10,"column":12},"end":{"line":10,"column":44}},"9":{"start":{"line":11,"column":12},"end":{"line":11,"column":25}},"10":{"start":{"line":14,"column":6},"end":{"line":16,"column":7}},"11":{"start":{"line":15,"column":8},"end":{"line":15,"column":40}},"12":{"start":{"line":17,"column":6},"end":{"line":17,"column":20}},"13":{"start":{"line":20,"column":0},"end":{"line":20,"column":23}}},"fnMap":{"0":{"name":"chunk","decl":{"start":{"line":3,"column":9},"end":{"line":3,"column":14}},"loc":{"start":{"line":3,"column":29},"end":{"line":19,"column":3}},"line":3}},"branchMap":{"0":{"loc":{"start":{"line":3,"column":20},"end":{"line":3,"column":27}},"type":"default-arg","locations":[{"start":{"line":3,"column":26},"end":{"line":3,"column":27}}],"line":3},"1":{"loc":{"start":{"line":4,"column":4},"end":{"line":18,"column":5}},"type":"if","locations":[{"start":{"line":4,"column":4},"end":{"line":18,"column":5}},{"start":{},"end":{}}],"line":4},"2":{"loc":{"start":{"line":9,"column":8},"end":{"line":12,"column":9}},"type":"if","locations":[{"start":{"line":9,"column":8},"end":{"line":12,"column":9}},{"start":{},"end":{}}],"line":9},"3":{"loc":{"start":{"line":14,"column":6},"end":{"line":16,"column":7}},"type":"if","locations":[{"start":{"line":14,"column":6},"end":{"line":16,"column":7}},{"start":{},"end":{}}],"line":14}},"s":{"0":1,"1":8,"2":8,"3":8,"4":8,"5":8,"6":30,"7":30,"8":17,"9":17,"10":8,"11":3,"12":8,"13":1},"f":{"0":8},"b":{"0":[3],"1":[8,0],"2":[17,13],"3":[3,5]},"_coverageSchema":"1a1c01bbd47fc00a2c39e90264f33305004495a9","hash":"33721ff80d7fc1423d7f75079a30938a0d3dea19"}
,"D:\\student_projects\\unit_tests\\compact.js": {"path":"D:\\student_projects\\unit_tests\\compact.js","statementMap":{"0":{"start":{"line":1,"column":30},"end":{"line":1,"column":51}},"1":{"start":{"line":4,"column":2},"end":{"line":12,"column":3}},"2":{"start":{"line":5,"column":19},"end":{"line":5,"column":21}},"3":{"start":{"line":6,"column":4},"end":{"line":10,"column":5}},"4":{"start":{"line":6,"column":17},"end":{"line":6,"column":18}},"5":{"start":{"line":7,"column":6},"end":{"line":9,"column":7}},"6":{"start":{"line":8,"column":8},"end":{"line":8,"column":39}},"7":{"start":{"line":11,"column":4},"end":{"line":11,"column":18}},"8":{"start":{"line":14,"column":0},"end":{"line":14,"column":25}}},"fnMap":{"0":{"name":"compact","decl":{"start":{"line":3,"column":9},"end":{"line":3,"column":16}},"loc":{"start":{"line":3,"column":22},"end":{"line":13,"column":1}},"line":3}},"branchMap":{"0":{"loc":{"start":{"line":4,"column":2},"end":{"line":12,"column":3}},"type":"if","locations":[{"start":{"line":4,"column":2},"end":{"line":12,"column":3}},{"start":{},"end":{}}],"line":4},"1":{"loc":{"start":{"line":7,"column":6},"end":{"line":9,"column":7}},"type":"if","locations":[{"start":{"line":7,"column":6},"end":{"line":9,"column":7}},{"start":{},"end":{}}],"line":7}},"s":{"0":1,"1":4,"2":4,"3":4,"4":4,"5":15,"6":10,"7":4,"8":1},"f":{"0":4},"b":{"0":[4,0],"1":[10,5]},"_coverageSchema":"1a1c01bbd47fc00a2c39e90264f33305004495a9","hash":"cfa86f3d266802e98c6317181dc157f417e69edf"}
,"D:\\student_projects\\unit_tests\\drop.js": {"path":"D:\\student_projects\\unit_tests\\drop.js","statementMap":{"0":{"start":{"line":1,"column":43},"end":{"line":1,"column":64}},"1":{"start":{"line":4,"column":2},"end":{"line":6,"column":3}},"2":{"start":{"line":5,"column":4},"end":{"line":5,"column":43}},"3":{"start":{"line":8,"column":0},"end":{"line":8,"column":22}}},"fnMap":{"0":{"name":"drop","decl":{"start":{"line":3,"column":9},"end":{"line":3,"column":13}},"loc":{"start":{"line":3,"column":26},"end":{"line":7,"column":1}},"line":3}},"branchMap":{"0":{"loc":{"start":{"line":3,"column":19},"end":{"line":3,"column":24}},"type":"default-arg","locations":[{"start":{"line":3,"column":23},"end":{"line":3,"column":24}}],"line":3},"1":{"loc":{"start":{"line":4,"column":2},"end":{"line":6,"column":3}},"type":"if","locations":[{"start":{"line":4,"column":2},"end":{"line":6,"column":3}},{"start":{},"end":{}}],"line":4}},"s":{"0":1,"1":6,"2":6,"3":1},"f":{"0":6},"b":{"0":[3],"1":[6,0]},"_coverageSchema":"1a1c01bbd47fc00a2c39e90264f33305004495a9","hash":"1ada696bd8d4aa02964bc79e9e0b8db9d6edd339"}
,"D:\\student_projects\\unit_tests\\dropWhile.js": {"path":"D:\\student_projects\\unit_tests\\dropWhile.js","statementMap":{"0":{"start":{"line":1,"column":43},"end":{"line":1,"column":64}},"1":{"start":{"line":4,"column":17},"end":{"line":4,"column":19}},"2":{"start":{"line":5,"column":2},"end":{"line":18,"column":3}},"3":{"start":{"line":6,"column":4},"end":{"line":17,"column":5}},"4":{"start":{"line":7,"column":6},"end":{"line":16,"column":7}},"5":{"start":{"line":7,"column":19},"end":{"line":7,"column":20}},"6":{"start":{"line":8,"column":8},"end":{"line":15,"column":9}},"7":{"start":{"line":8,"column":21},"end":{"line":8,"column":22}},"8":{"start":{"line":9,"column":10},"end":{"line":14,"column":11}},"9":{"start":{"line":13,"column":12},"end":{"line":13,"column":51}},"10":{"start":{"line":19,"column":2},"end":{"line":30,"column":3}},"11":{"start":{"line":19,"column":15},"end":{"line":19,"column":16}},"12":{"start":{"line":20,"column":4},"end":{"line":29,"column":5}},"13":{"start":{"line":25,"column":6},"end":{"line":27,"column":7}},"14":{"start":{"line":25,"column":19},"end":{"line":25,"column":20}},"15":{"start":{"line":26,"column":8},"end":{"line":26,"column":39}},"16":{"start":{"line":28,"column":6},"end":{"line":28,"column":21}},"17":{"start":{"line":31,"column":2},"end":{"line":31,"column":16}},"18":{"start":{"line":33,"column":0},"end":{"line":33,"column":27}}},"fnMap":{"0":{"name":"dropWhile","decl":{"start":{"line":3,"column":9},"end":{"line":3,"column":18}},"loc":{"start":{"line":3,"column":35},"end":{"line":32,"column":1}},"line":3}},"branchMap":{"0":{"loc":{"start":{"line":5,"column":2},"end":{"line":18,"column":3}},"type":"if","locations":[{"start":{"line":5,"column":2},"end":{"line":18,"column":3}},{"start":{},"end":{}}],"line":5},"1":{"loc":{"start":{"line":6,"column":4},"end":{"line":17,"column":5}},"type":"if","locations":[{"start":{"line":6,"column":4},"end":{"line":17,"column":5}},{"start":{},"end":{}}],"line":6},"2":{"loc":{"start":{"line":9,"column":10},"end":{"line":14,"column":11}},"type":"if","locations":[{"start":{"line":9,"column":10},"end":{"line":14,"column":11}},{"start":{},"end":{}}],"line":9},"3":{"loc":{"start":{"line":10,"column":12},"end":{"line":11,"column":57}},"type":"binary-expr","locations":[{"start":{"line":10,"column":12},"end":{"line":10,"column":57}},{"start":{"line":11,"column":12},"end":{"line":11,"column":57}}],"line":10},"4":{"loc":{"start":{"line":20,"column":4},"end":{"line":29,"column":5}},"type":"if","locations":[{"start":{"line":20,"column":4},"end":{"line":29,"column":5}},{"start":{},"end":{}}],"line":20},"5":{"loc":{"start":{"line":21,"column":6},"end":{"line":23,"column":61}},"type":"binary-expr","locations":[{"start":{"line":21,"column":7},"end":{"line":21,"column":36}},{"start":{"line":21,"column":40},"end":{"line":21,"column":58}},{"start":{"line":22,"column":7},"end":{"line":22,"column":36}},{"start":{"line":23,"column":8},"end":{"line":23,"column":60}}],"line":21}},"s":{"0":1,"1":3,"2":3,"3":3,"4":1,"5":1,"6":3,"7":3,"8":6,"9":1,"10":2,"11":2,"12":3,"13":2,"14":2,"15":5,"16":2,"17":2,"18":1},"f":{"0":3},"b":{"0":[3,0],"1":[1,2],"2":[1,5],"3":[6,3],"4":[2,1],"5":[3,1,2,2]},"_coverageSchema":"1a1c01bbd47fc00a2c39e90264f33305004495a9","hash":"1fc5fb2ae3f41d58d2caa0b6abb29efda2476917"}
,"D:\\student_projects\\unit_tests\\filter.js": {"path":"D:\\student_projects\\unit_tests\\filter.js","statementMap":{"0":{"start":{"line":1,"column":50},"end":{"line":1,"column":71}},"1":{"start":{"line":4,"column":2},"end":{"line":54,"column":3}},"2":{"start":{"line":5,"column":19},"end":{"line":5,"column":21}},"3":{"start":{"line":6,"column":22},"end":{"line":6,"column":23}},"4":{"start":{"line":7,"column":4},"end":{"line":20,"column":5}},"5":{"start":{"line":8,"column":6},"end":{"line":18,"column":7}},"6":{"start":{"line":8,"column":19},"end":{"line":8,"column":20}},"7":{"start":{"line":9,"column":8},"end":{"line":17,"column":9}},"8":{"start":{"line":9,"column":21},"end":{"line":9,"column":22}},"9":{"start":{"line":10,"column":10},"end":{"line":16,"column":11}},"10":{"start":{"line":14,"column":12},"end":{"line":14,"column":48}},"11":{"start":{"line":15,"column":12},"end":{"line":15,"column":29}},"12":{"start":{"line":19,"column":6},"end":{"line":19,"column":20}},"13":{"start":{"line":21,"column":4},"end":{"line":44,"column":5}},"14":{"start":{"line":22,"column":24},"end":{"line":22,"column":26}},"15":{"start":{"line":23,"column":27},"end":{"line":23,"column":28}},"16":{"start":{"line":24,"column":6},"end":{"line":43,"column":7}},"17":{"start":{"line":24,"column":19},"end":{"line":24,"column":20}},"18":{"start":{"line":25,"column":8},"end":{"line":42,"column":9}},"19":{"start":{"line":25,"column":21},"end":{"line":25,"column":22}},"20":{"start":{"line":26,"column":10},"end":{"line":41,"column":11}},"21":{"start":{"line":26,"column":23},"end":{"line":26,"column":24}},"22":{"start":{"line":27,"column":12},"end":{"line":40,"column":13}},"23":{"start":{"line":31,"column":14},"end":{"line":39,"column":15}},"24":{"start":{"line":32,"column":16},"end":{"line":32,"column":52}},"25":{"start":{"line":33,"column":16},"end":{"line":33,"column":33}},"26":{"start":{"line":34,"column":16},"end":{"line":34,"column":49}},"27":{"start":{"line":35,"column":16},"end":{"line":35,"column":36}},"28":{"start":{"line":36,"column":16},"end":{"line":38,"column":17}},"29":{"start":{"line":37,"column":18},"end":{"line":37,"column":32}},"30":{"start":{"line":46,"column":4},"end":{"line":52,"column":5}},"31":{"start":{"line":46,"column":17},"end":{"line":46,"column":18}},"32":{"start":{"line":47,"column":6},"end":{"line":51,"column":7}},"33":{"start":{"line":48,"column":8},"end":{"line":48,"column":44}},"34":{"start":{"line":49,"column":8},"end":{"line":49,"column":25}},"35":{"start":{"line":50,"column":8},"end":{"line":50,"column":30}},"36":{"start":{"line":53,"column":4},"end":{"line":53,"column":18}},"37":{"start":{"line":56,"column":0},"end":{"line":56,"column":24}}},"fnMap":{"0":{"name":"filter","decl":{"start":{"line":3,"column":9},"end":{"line":3,"column":15}},"loc":{"start":{"line":3,"column":39},"end":{"line":55,"column":1}},"line":3}},"branchMap":{"0":{"loc":{"start":{"line":4,"column":2},"end":{"line":54,"column":3}},"type":"if","locations":[{"start":{"line":4,"column":2},"end":{"line":54,"column":3}},{"start":{},"end":{}}],"line":4},"1":{"loc":{"start":{"line":4,"column":6},"end":{"line":4,"column":69}},"type":"binary-expr","locations":[{"start":{"line":4,"column":6},"end":{"line":4,"column":35}},{"start":{"line":4,"column":39},"end":{"line":4,"column":69}}],"line":4},"2":{"loc":{"start":{"line":7,"column":4},"end":{"line":20,"column":5}},"type":"if","locations":[{"start":{"line":7,"column":4},"end":{"line":20,"column":5}},{"start":{},"end":{}}],"line":7},"3":{"loc":{"start":{"line":10,"column":10},"end":{"line":16,"column":11}},"type":"if","locations":[{"start":{"line":10,"column":10},"end":{"line":16,"column":11}},{"start":{},"end":{}}],"line":10},"4":{"loc":{"start":{"line":11,"column":12},"end":{"line":12,"column":64}},"type":"binary-expr","locations":[{"start":{"line":11,"column":12},"end":{"line":11,"column":64}},{"start":{"line":12,"column":12},"end":{"line":12,"column":64}}],"line":11},"5":{"loc":{"start":{"line":21,"column":4},"end":{"line":44,"column":5}},"type":"if","locations":[{"start":{"line":21,"column":4},"end":{"line":44,"column":5}},{"start":{},"end":{}}],"line":21},"6":{"loc":{"start":{"line":27,"column":12},"end":{"line":40,"column":13}},"type":"if","locations":[{"start":{"line":27,"column":12},"end":{"line":40,"column":13}},{"start":{},"end":{}}],"line":27},"7":{"loc":{"start":{"line":28,"column":14},"end":{"line":29,"column":88}},"type":"binary-expr","locations":[{"start":{"line":28,"column":14},"end":{"line":28,"column":85}},{"start":{"line":29,"column":17},"end":{"line":29,"column":88}}],"line":28},"8":{"loc":{"start":{"line":31,"column":14},"end":{"line":39,"column":15}},"type":"if","locations":[{"start":{"line":31,"column":14},"end":{"line":39,"column":15}},{"start":{},"end":{}}],"line":31},"9":{"loc":{"start":{"line":36,"column":16},"end":{"line":38,"column":17}},"type":"if","locations":[{"start":{"line":36,"column":16},"end":{"line":38,"column":17}},{"start":{},"end":{}}],"line":36},"10":{"loc":{"start":{"line":47,"column":6},"end":{"line":51,"column":7}},"type":"if","locations":[{"start":{"line":47,"column":6},"end":{"line":51,"column":7}},{"start":{},"end":{}}],"line":47},"11":{"loc":{"start":{"line":47,"column":10},"end":{"line":47,"column":67}},"type":"binary-expr","locations":[{"start":{"line":47,"column":10},"end":{"line":47,"column":39}},{"start":{"line":47,"column":43},"end":{"line":47,"column":67}}],"line":47}},"s":{"0":1,"1":3,"2":3,"3":3,"4":3,"5":1,"6":1,"7":3,"8":3,"9":9,"10":2,"11":2,"12":1,"13":2,"14":1,"15":1,"16":1,"17":1,"18":3,"19":3,"20":9,"21":9,"22":18,"23":2,"24":1,"25":1,"26":1,"27":1,"28":1,"29":0,"30":2,"31":2,"32":6,"33":1,"34":1,"35":1,"36":2,"37":1},"f":{"0":3},"b":{"0":[3,0],"1":[3,0],"2":[1,2],"3":[2,7],"4":[9,3],"5":[1,1],"6":[2,16],"7":[18,6],"8":[1,1],"9":[0,1],"10":[1,5],"11":[6,3]},"_coverageSchema":"1a1c01bbd47fc00a2c39e90264f33305004495a9","hash":"d2c2f8e910556e763225c36f872a74396363c1d6"}
,"D:\\student_projects\\unit_tests\\find.js": {"path":"D:\\student_projects\\unit_tests\\find.js","statementMap":{"0":{"start":{"line":1,"column":50},"end":{"line":1,"column":71}},"1":{"start":{"line":4,"column":2},"end":{"line":45,"column":3}},"2":{"start":{"line":6,"column":4},"end":{"line":18,"column":5}},"3":{"start":{"line":7,"column":6},"end":{"line":16,"column":7}},"4":{"start":{"line":7,"column":19},"end":{"line":7,"column":20}},"5":{"start":{"line":8,"column":8},"end":{"line":15,"column":9}},"6":{"start":{"line":8,"column":21},"end":{"line":8,"column":22}},"7":{"start":{"line":9,"column":10},"end":{"line":14,"column":11}},"8":{"start":{"line":13,"column":12},"end":{"line":13,"column":35}},"9":{"start":{"line":17,"column":6},"end":{"line":17,"column":20}},"10":{"start":{"line":19,"column":4},"end":{"line":37,"column":5}},"11":{"start":{"line":20,"column":24},"end":{"line":20,"column":26}},"12":{"start":{"line":21,"column":6},"end":{"line":36,"column":7}},"13":{"start":{"line":21,"column":19},"end":{"line":21,"column":20}},"14":{"start":{"line":22,"column":8},"end":{"line":35,"column":9}},"15":{"start":{"line":22,"column":21},"end":{"line":22,"column":22}},"16":{"start":{"line":23,"column":10},"end":{"line":34,"column":11}},"17":{"start":{"line":23,"column":23},"end":{"line":23,"column":24}},"18":{"start":{"line":24,"column":12},"end":{"line":33,"column":13}},"19":{"start":{"line":28,"column":14},"end":{"line":28,"column":37}},"20":{"start":{"line":29,"column":14},"end":{"line":29,"column":49}},"21":{"start":{"line":30,"column":14},"end":{"line":32,"column":15}},"22":{"start":{"line":31,"column":16},"end":{"line":31,"column":30}},"23":{"start":{"line":39,"column":4},"end":{"line":43,"column":5}},"24":{"start":{"line":39,"column":17},"end":{"line":39,"column":18}},"25":{"start":{"line":40,"column":6},"end":{"line":42,"column":7}},"26":{"start":{"line":41,"column":8},"end":{"line":41,"column":29}},"27":{"start":{"line":44,"column":4},"end":{"line":44,"column":18}},"28":{"start":{"line":47,"column":0},"end":{"line":47,"column":22}}},"fnMap":{"0":{"name":"find","decl":{"start":{"line":3,"column":9},"end":{"line":3,"column":13}},"loc":{"start":{"line":3,"column":52},"end":{"line":46,"column":1}},"line":3}},"branchMap":{"0":{"loc":{"start":{"line":3,"column":37},"end":{"line":3,"column":50}},"type":"default-arg","locations":[{"start":{"line":3,"column":49},"end":{"line":3,"column":50}}],"line":3},"1":{"loc":{"start":{"line":4,"column":2},"end":{"line":45,"column":3}},"type":"if","locations":[{"start":{"line":4,"column":2},"end":{"line":45,"column":3}},{"start":{},"end":{}}],"line":4},"2":{"loc":{"start":{"line":4,"column":6},"end":{"line":4,"column":69}},"type":"binary-expr","locations":[{"start":{"line":4,"column":6},"end":{"line":4,"column":35}},{"start":{"line":4,"column":39},"end":{"line":4,"column":69}}],"line":4},"3":{"loc":{"start":{"line":6,"column":4},"end":{"line":18,"column":5}},"type":"if","locations":[{"start":{"line":6,"column":4},"end":{"line":18,"column":5}},{"start":{},"end":{}}],"line":6},"4":{"loc":{"start":{"line":9,"column":10},"end":{"line":14,"column":11}},"type":"if","locations":[{"start":{"line":9,"column":10},"end":{"line":14,"column":11}},{"start":{},"end":{}}],"line":9},"5":{"loc":{"start":{"line":10,"column":12},"end":{"line":11,"column":64}},"type":"binary-expr","locations":[{"start":{"line":10,"column":12},"end":{"line":10,"column":64}},{"start":{"line":11,"column":12},"end":{"line":11,"column":64}}],"line":10},"6":{"loc":{"start":{"line":19,"column":4},"end":{"line":37,"column":5}},"type":"if","locations":[{"start":{"line":19,"column":4},"end":{"line":37,"column":5}},{"start":{},"end":{}}],"line":19},"7":{"loc":{"start":{"line":24,"column":12},"end":{"line":33,"column":13}},"type":"if","locations":[{"start":{"line":24,"column":12},"end":{"line":33,"column":13}},{"start":{},"end":{}}],"line":24},"8":{"loc":{"start":{"line":25,"column":14},"end":{"line":26,"column":88}},"type":"binary-expr","locations":[{"start":{"line":25,"column":14},"end":{"line":25,"column":85}},{"start":{"line":26,"column":17},"end":{"line":26,"column":88}}],"line":25},"9":{"loc":{"start":{"line":30,"column":14},"end":{"line":32,"column":15}},"type":"if","locations":[{"start":{"line":30,"column":14},"end":{"line":32,"column":15}},{"start":{},"end":{}}],"line":30},"10":{"loc":{"start":{"line":40,"column":6},"end":{"line":42,"column":7}},"type":"if","locations":[{"start":{"line":40,"column":6},"end":{"line":42,"column":7}},{"start":{},"end":{}}],"line":40},"11":{"loc":{"start":{"line":40,"column":10},"end":{"line":40,"column":67}},"type":"binary-expr","locations":[{"start":{"line":40,"column":10},"end":{"line":40,"column":39}},{"start":{"line":40,"column":43},"end":{"line":40,"column":67}}],"line":40}},"s":{"0":1,"1":3,"2":3,"3":1,"4":1,"5":3,"6":3,"7":9,"8":2,"9":1,"10":2,"11":1,"12":1,"13":1,"14":3,"15":3,"16":9,"17":9,"18":18,"19":2,"20":2,"21":2,"22":1,"23":1,"24":1,"25":3,"26":1,"27":0,"28":1},"f":{"0":3},"b":{"0":[3],"1":[3,0],"2":[3,0],"3":[1,2],"4":[2,7],"5":[9,3],"6":[1,1],"7":[2,16],"8":[18,6],"9":[1,1],"10":[1,2],"11":[3,3]},"_coverageSchema":"1a1c01bbd47fc00a2c39e90264f33305004495a9","hash":"4bbc3013245d5267854d66517e8df9fdbdbb193f"}
,"D:\\student_projects\\unit_tests\\includes.js": {"path":"D:\\student_projects\\unit_tests\\includes.js","statementMap":{"0":{"start":{"line":1,"column":50},"end":{"line":1,"column":71}},"1":{"start":{"line":4,"column":2},"end":{"line":33,"column":3}},"2":{"start":{"line":5,"column":4},"end":{"line":11,"column":5}},"3":{"start":{"line":6,"column":6},"end":{"line":10,"column":7}},"4":{"start":{"line":6,"column":19},"end":{"line":6,"column":28}},"5":{"start":{"line":7,"column":8},"end":{"line":9,"column":9}},"6":{"start":{"line":8,"column":10},"end":{"line":8,"column":22}},"7":{"start":{"line":12,"column":4},"end":{"line":18,"column":5}},"8":{"start":{"line":13,"column":6},"end":{"line":17,"column":7}},"9":{"start":{"line":13,"column":19},"end":{"line":13,"column":28}},"10":{"start":{"line":14,"column":8},"end":{"line":16,"column":9}},"11":{"start":{"line":15,"column":10},"end":{"line":15,"column":22}},"12":{"start":{"line":19,"column":4},"end":{"line":31,"column":5}},"13":{"start":{"line":20,"column":24},"end":{"line":20,"column":26}},"14":{"start":{"line":21,"column":27},"end":{"line":21,"column":28}},"15":{"start":{"line":22,"column":6},"end":{"line":30,"column":7}},"16":{"start":{"line":22,"column":19},"end":{"line":22,"column":28}},"17":{"start":{"line":23,"column":8},"end":{"line":29,"column":9}},"18":{"start":{"line":24,"column":10},"end":{"line":24,"column":43}},"19":{"start":{"line":25,"column":10},"end":{"line":25,"column":30}},"20":{"start":{"line":26,"column":10},"end":{"line":28,"column":11}},"21":{"start":{"line":27,"column":12},"end":{"line":27,"column":24}},"22":{"start":{"line":32,"column":4},"end":{"line":32,"column":17}},"23":{"start":{"line":35,"column":0},"end":{"line":35,"column":26}}},"fnMap":{"0":{"name":"includes","decl":{"start":{"line":3,"column":9},"end":{"line":3,"column":17}},"loc":{"start":{"line":3,"column":56},"end":{"line":34,"column":1}},"line":3}},"branchMap":{"0":{"loc":{"start":{"line":3,"column":41},"end":{"line":3,"column":54}},"type":"default-arg","locations":[{"start":{"line":3,"column":53},"end":{"line":3,"column":54}}],"line":3},"1":{"loc":{"start":{"line":4,"column":2},"end":{"line":33,"column":3}},"type":"if","locations":[{"start":{"line":4,"column":2},"end":{"line":33,"column":3}},{"start":{},"end":{}}],"line":4},"2":{"loc":{"start":{"line":4,"column":6},"end":{"line":4,"column":103}},"type":"binary-expr","locations":[{"start":{"line":4,"column":6},"end":{"line":4,"column":35}},{"start":{"line":4,"column":39},"end":{"line":4,"column":69}},{"start":{"line":4,"column":73},"end":{"line":4,"column":103}}],"line":4},"3":{"loc":{"start":{"line":5,"column":4},"end":{"line":11,"column":5}},"type":"if","locations":[{"start":{"line":5,"column":4},"end":{"line":11,"column":5}},{"start":{},"end":{}}],"line":5},"4":{"loc":{"start":{"line":7,"column":8},"end":{"line":9,"column":9}},"type":"if","locations":[{"start":{"line":7,"column":8},"end":{"line":9,"column":9}},{"start":{},"end":{}}],"line":7},"5":{"loc":{"start":{"line":12,"column":4},"end":{"line":18,"column":5}},"type":"if","locations":[{"start":{"line":12,"column":4},"end":{"line":18,"column":5}},{"start":{},"end":{}}],"line":12},"6":{"loc":{"start":{"line":14,"column":8},"end":{"line":16,"column":9}},"type":"if","locations":[{"start":{"line":14,"column":8},"end":{"line":16,"column":9}},{"start":{},"end":{}}],"line":14},"7":{"loc":{"start":{"line":19,"column":4},"end":{"line":31,"column":5}},"type":"if","locations":[{"start":{"line":19,"column":4},"end":{"line":31,"column":5}},{"start":{},"end":{}}],"line":19},"8":{"loc":{"start":{"line":23,"column":8},"end":{"line":29,"column":9}},"type":"if","locations":[{"start":{"line":23,"column":8},"end":{"line":29,"column":9}},{"start":{},"end":{}}],"line":23},"9":{"loc":{"start":{"line":26,"column":10},"end":{"line":28,"column":11}},"type":"if","locations":[{"start":{"line":26,"column":10},"end":{"line":28,"column":11}},{"start":{},"end":{}}],"line":26}},"s":{"0":1,"1":4,"2":4,"3":2,"4":2,"5":2,"6":1,"7":3,"8":2,"9":2,"10":2,"11":1,"12":2,"13":1,"14":1,"15":1,"16":1,"17":3,"18":2,"19":2,"20":2,"21":1,"22":1,"23":1},"f":{"0":4},"b":{"0":[3],"1":[4,0],"2":[4,2,1],"3":[2,2],"4":[1,1],"5":[2,1],"6":[1,1],"7":[1,1],"8":[2,1],"9":[1,1]},"_coverageSchema":"1a1c01bbd47fc00a2c39e90264f33305004495a9","hash":"1b214a17b67657dbcc79cd386ed8613667871f6b"}
,"D:\\student_projects\\unit_tests\\map.js": {"path":"D:\\student_projects\\unit_tests\\map.js","statementMap":{"0":{"start":{"line":1,"column":50},"end":{"line":1,"column":71}},"1":{"start":{"line":4,"column":2},"end":{"line":29,"column":3}},"2":{"start":{"line":5,"column":19},"end":{"line":5,"column":21}},"3":{"start":{"line":7,"column":4},"end":{"line":12,"column":5}},"4":{"start":{"line":8,"column":6},"end":{"line":10,"column":7}},"5":{"start":{"line":8,"column":19},"end":{"line":8,"column":20}},"6":{"start":{"line":9,"column":8},"end":{"line":9,"column":52}},"7":{"start":{"line":11,"column":6},"end":{"line":11,"column":20}},"8":{"start":{"line":13,"column":4},"end":{"line":18,"column":5}},"9":{"start":{"line":14,"column":6},"end":{"line":16,"column":7}},"10":{"start":{"line":14,"column":19},"end":{"line":14,"column":20}},"11":{"start":{"line":15,"column":8},"end":{"line":15,"column":67}},"12":{"start":{"line":17,"column":6},"end":{"line":17,"column":20}},"13":{"start":{"line":19,"column":4},"end":{"line":27,"column":5}},"14":{"start":{"line":20,"column":6},"end":{"line":26,"column":7}},"15":{"start":{"line":20,"column":19},"end":{"line":20,"column":20}},"16":{"start":{"line":21,"column":8},"end":{"line":25,"column":9}},"17":{"start":{"line":21,"column":21},"end":{"line":21,"column":22}},"18":{"start":{"line":22,"column":10},"end":{"line":24,"column":11}},"19":{"start":{"line":23,"column":12},"end":{"line":23,"column":72}},"20":{"start":{"line":28,"column":4},"end":{"line":28,"column":18}},"21":{"start":{"line":31,"column":0},"end":{"line":31,"column":21}}},"fnMap":{"0":{"name":"map","decl":{"start":{"line":3,"column":9},"end":{"line":3,"column":12}},"loc":{"start":{"line":3,"column":31},"end":{"line":30,"column":1}},"line":3}},"branchMap":{"0":{"loc":{"start":{"line":4,"column":2},"end":{"line":29,"column":3}},"type":"if","locations":[{"start":{"line":4,"column":2},"end":{"line":29,"column":3}},{"start":{},"end":{}}],"line":4},"1":{"loc":{"start":{"line":4,"column":6},"end":{"line":4,"column":69}},"type":"binary-expr","locations":[{"start":{"line":4,"column":6},"end":{"line":4,"column":35}},{"start":{"line":4,"column":39},"end":{"line":4,"column":69}}],"line":4},"2":{"loc":{"start":{"line":7,"column":4},"end":{"line":12,"column":5}},"type":"if","locations":[{"start":{"line":7,"column":4},"end":{"line":12,"column":5}},{"start":{},"end":{}}],"line":7},"3":{"loc":{"start":{"line":7,"column":8},"end":{"line":7,"column":65}},"type":"binary-expr","locations":[{"start":{"line":7,"column":8},"end":{"line":7,"column":37}},{"start":{"line":7,"column":41},"end":{"line":7,"column":65}}],"line":7},"4":{"loc":{"start":{"line":13,"column":4},"end":{"line":18,"column":5}},"type":"if","locations":[{"start":{"line":13,"column":4},"end":{"line":18,"column":5}},{"start":{},"end":{}}],"line":13},"5":{"loc":{"start":{"line":13,"column":8},"end":{"line":13,"column":66}},"type":"binary-expr","locations":[{"start":{"line":13,"column":8},"end":{"line":13,"column":38}},{"start":{"line":13,"column":42},"end":{"line":13,"column":66}}],"line":13},"6":{"loc":{"start":{"line":19,"column":4},"end":{"line":27,"column":5}},"type":"if","locations":[{"start":{"line":19,"column":4},"end":{"line":27,"column":5}},{"start":{},"end":{}}],"line":19},"7":{"loc":{"start":{"line":22,"column":10},"end":{"line":24,"column":11}},"type":"if","locations":[{"start":{"line":22,"column":10},"end":{"line":24,"column":11}},{"start":{},"end":{}}],"line":22}},"s":{"0":1,"1":3,"2":3,"3":3,"4":1,"5":1,"6":2,"7":1,"8":2,"9":1,"10":1,"11":2,"12":1,"13":1,"14":1,"15":1,"16":2,"17":2,"18":4,"19":2,"20":1,"21":1},"f":{"0":3},"b":{"0":[3,0],"1":[3,1],"2":[1,2],"3":[3,2],"4":[1,1],"5":[2,2],"6":[1,0],"7":[2,2]},"_coverageSchema":"1a1c01bbd47fc00a2c39e90264f33305004495a9","hash":"ee587351d7195ddbbb2fff03bc9c9ba40be9f492"}
,"D:\\student_projects\\unit_tests\\merge.js": {"path":"D:\\student_projects\\unit_tests\\merge.js","statementMap":{"0":{"start":{"line":1,"column":50},"end":{"line":1,"column":71}},"1":{"start":{"line":4,"column":2},"end":{"line":36,"column":3}},"2":{"start":{"line":5,"column":19},"end":{"line":5,"column":44}},"3":{"start":{"line":6,"column":4},"end":{"line":17,"column":5}},"4":{"start":{"line":7,"column":6},"end":{"line":15,"column":7}},"5":{"start":{"line":7,"column":19},"end":{"line":7,"column":20}},"6":{"start":{"line":8,"column":8},"end":{"line":14,"column":9}},"7":{"start":{"line":8,"column":21},"end":{"line":8,"column":22}},"8":{"start":{"line":9,"column":10},"end":{"line":13,"column":11}},"9":{"start":{"line":9,"column":23},"end":{"line":9,"column":24}},"10":{"start":{"line":10,"column":12},"end":{"line":12,"column":61}},"11":{"start":{"line":16,"column":6},"end":{"line":16,"column":20}},"12":{"start":{"line":19,"column":4},"end":{"line":34,"column":5}},"13":{"start":{"line":19,"column":17},"end":{"line":19,"column":18}},"14":{"start":{"line":20,"column":6},"end":{"line":33,"column":7}},"15":{"start":{"line":20,"column":19},"end":{"line":20,"column":20}},"16":{"start":{"line":21,"column":8},"end":{"line":26,"column":9}},"17":{"start":{"line":23,"column":10},"end":{"line":23,"column":72}},"18":{"start":{"line":24,"column":15},"end":{"line":26,"column":9}},"19":{"start":{"line":25,"column":10},"end":{"line":25,"column":76}},"20":{"start":{"line":28,"column":8},"end":{"line":32,"column":9}},"21":{"start":{"line":30,"column":10},"end":{"line":31,"column":57}},"22":{"start":{"line":35,"column":4},"end":{"line":35,"column":18}},"23":{"start":{"line":38,"column":0},"end":{"line":38,"column":23}}},"fnMap":{"0":{"name":"merge","decl":{"start":{"line":3,"column":9},"end":{"line":3,"column":14}},"loc":{"start":{"line":3,"column":27},"end":{"line":37,"column":1}},"line":3}},"branchMap":{"0":{"loc":{"start":{"line":4,"column":2},"end":{"line":36,"column":3}},"type":"if","locations":[{"start":{"line":4,"column":2},"end":{"line":36,"column":3}},{"start":{},"end":{}}],"line":4},"1":{"loc":{"start":{"line":6,"column":4},"end":{"line":17,"column":5}},"type":"if","locations":[{"start":{"line":6,"column":4},"end":{"line":17,"column":5}},{"start":{},"end":{}}],"line":6},"2":{"loc":{"start":{"line":21,"column":8},"end":{"line":26,"column":9}},"type":"if","locations":[{"start":{"line":21,"column":8},"end":{"line":26,"column":9}},{"start":{"line":24,"column":15},"end":{"line":26,"column":9}}],"line":21},"3":{"loc":{"start":{"line":21,"column":12},"end":{"line":22,"column":55}},"type":"binary-expr","locations":[{"start":{"line":21,"column":12},"end":{"line":21,"column":65}},{"start":{"line":22,"column":11},"end":{"line":22,"column":55}}],"line":21},"4":{"loc":{"start":{"line":24,"column":15},"end":{"line":26,"column":9}},"type":"if","locations":[{"start":{"line":24,"column":15},"end":{"line":26,"column":9}},{"start":{},"end":{}}],"line":24},"5":{"loc":{"start":{"line":28,"column":8},"end":{"line":32,"column":9}},"type":"if","locations":[{"start":{"line":28,"column":8},"end":{"line":32,"column":9}},{"start":{},"end":{}}],"line":28},"6":{"loc":{"start":{"line":28,"column":12},"end":{"line":29,"column":64}},"type":"binary-expr","locations":[{"start":{"line":28,"column":12},"end":{"line":28,"column":56}},{"start":{"line":29,"column":11},"end":{"line":29,"column":64}}],"line":28}},"s":{"0":1,"1":6,"2":6,"3":6,"4":4,"5":4,"6":2,"7":2,"8":1,"9":1,"10":2,"11":4,"12":2,"13":2,"14":2,"15":2,"16":3,"17":1,"18":2,"19":1,"20":3,"21":1,"22":2,"23":1},"f":{"0":6},"b":{"0":[6,0],"1":[4,2],"2":[1,2],"3":[3,2],"4":[1,1],"5":[1,2],"6":[3,1]},"_coverageSchema":"1a1c01bbd47fc00a2c39e90264f33305004495a9","hash":"b3f94f5e44ab5594f949995631b6333647160f46"}
,"D:\\student_projects\\unit_tests\\omit.js": {"path":"D:\\student_projects\\unit_tests\\omit.js","statementMap":{"0":{"start":{"line":1,"column":31},"end":{"line":1,"column":52}},"1":{"start":{"line":4,"column":2},"end":{"line":16,"column":3}},"2":{"start":{"line":5,"column":19},"end":{"line":5,"column":44}},"3":{"start":{"line":6,"column":4},"end":{"line":14,"column":5}},"4":{"start":{"line":7,"column":18},"end":{"line":7,"column":19}},"5":{"start":{"line":8,"column":6},"end":{"line":13,"column":7}},"6":{"start":{"line":9,"column":8},"end":{"line":12,"column":9}},"7":{"start":{"line":10,"column":10},"end":{"line":10,"column":29}},"8":{"start":{"line":11,"column":10},"end":{"line":11,"column":21}},"9":{"start":{"line":15,"column":4},"end":{"line":15,"column":18}},"10":{"start":{"line":18,"column":0},"end":{"line":18,"column":22}}},"fnMap":{"0":{"name":"omit","decl":{"start":{"line":3,"column":9},"end":{"line":3,"column":13}},"loc":{"start":{"line":3,"column":27},"end":{"line":17,"column":1}},"line":3}},"branchMap":{"0":{"loc":{"start":{"line":4,"column":2},"end":{"line":16,"column":3}},"type":"if","locations":[{"start":{"line":4,"column":2},"end":{"line":16,"column":3}},{"start":{},"end":{}}],"line":4},"1":{"loc":{"start":{"line":6,"column":4},"end":{"line":14,"column":5}},"type":"if","locations":[{"start":{"line":6,"column":4},"end":{"line":14,"column":5}},{"start":{},"end":{}}],"line":6},"2":{"loc":{"start":{"line":9,"column":8},"end":{"line":12,"column":9}},"type":"if","locations":[{"start":{"line":9,"column":8},"end":{"line":12,"column":9}},{"start":{},"end":{}}],"line":9}},"s":{"0":1,"1":4,"2":4,"3":4,"4":2,"5":2,"6":6,"7":4,"8":4,"9":4,"10":1},"f":{"0":4},"b":{"0":[4,0],"1":[2,2],"2":[4,2]},"_coverageSchema":"1a1c01bbd47fc00a2c39e90264f33305004495a9","hash":"9855c98d123ae0f446bb2ed495d8bdf067b31b3c"}
,"D:\\student_projects\\unit_tests\\omitBy.js": {"path":"D:\\student_projects\\unit_tests\\omitBy.js","statementMap":{"0":{"start":{"line":1,"column":31},"end":{"line":1,"column":52}},"1":{"start":{"line":4,"column":2},"end":{"line":14,"column":3}},"2":{"start":{"line":5,"column":19},"end":{"line":5,"column":44}},"3":{"start":{"line":6,"column":4},"end":{"line":12,"column":5}},"4":{"start":{"line":7,"column":6},"end":{"line":11,"column":7}},"5":{"start":{"line":8,"column":8},"end":{"line":10,"column":9}},"6":{"start":{"line":9,"column":10},"end":{"line":9,"column":29}},"7":{"start":{"line":13,"column":4},"end":{"line":13,"column":18}},"8":{"start":{"line":16,"column":0},"end":{"line":16,"column":24}}},"fnMap":{"0":{"name":"omitBy","decl":{"start":{"line":3,"column":9},"end":{"line":3,"column":15}},"loc":{"start":{"line":3,"column":30},"end":{"line":15,"column":1}},"line":3}},"branchMap":{"0":{"loc":{"start":{"line":4,"column":2},"end":{"line":14,"column":3}},"type":"if","locations":[{"start":{"line":4,"column":2},"end":{"line":14,"column":3}},{"start":{},"end":{}}],"line":4},"1":{"loc":{"start":{"line":6,"column":4},"end":{"line":12,"column":5}},"type":"if","locations":[{"start":{"line":6,"column":4},"end":{"line":12,"column":5}},{"start":{},"end":{}}],"line":6},"2":{"loc":{"start":{"line":8,"column":8},"end":{"line":10,"column":9}},"type":"if","locations":[{"start":{"line":8,"column":8},"end":{"line":10,"column":9}},{"start":{},"end":{}}],"line":8}},"s":{"0":1,"1":3,"2":3,"3":3,"4":2,"5":6,"6":4,"7":3,"8":1},"f":{"0":3},"b":{"0":[3,0],"1":[2,1],"2":[4,2]},"_coverageSchema":"1a1c01bbd47fc00a2c39e90264f33305004495a9","hash":"436595a35c78c0b6ee3adc9beab41ee5b743f11b"}
,"D:\\student_projects\\unit_tests\\pick.js": {"path":"D:\\student_projects\\unit_tests\\pick.js","statementMap":{"0":{"start":{"line":1,"column":31},"end":{"line":1,"column":52}},"1":{"start":{"line":4,"column":2},"end":{"line":16,"column":3}},"2":{"start":{"line":5,"column":19},"end":{"line":5,"column":44}},"3":{"start":{"line":6,"column":4},"end":{"line":14,"column":5}},"4":{"start":{"line":7,"column":18},"end":{"line":7,"column":19}},"5":{"start":{"line":8,"column":6},"end":{"line":13,"column":7}},"6":{"start":{"line":9,"column":8},"end":{"line":12,"column":9}},"7":{"start":{"line":10,"column":10},"end":{"line":10,"column":29}},"8":{"start":{"line":11,"column":10},"end":{"line":11,"column":21}},"9":{"start":{"line":15,"column":4},"end":{"line":15,"column":18}},"10":{"start":{"line":18,"column":0},"end":{"line":18,"column":22}}},"fnMap":{"0":{"name":"pick","decl":{"start":{"line":3,"column":9},"end":{"line":3,"column":13}},"loc":{"start":{"line":3,"column":27},"end":{"line":17,"column":1}},"line":3}},"branchMap":{"0":{"loc":{"start":{"line":4,"column":2},"end":{"line":16,"column":3}},"type":"if","locations":[{"start":{"line":4,"column":2},"end":{"line":16,"column":3}},{"start":{},"end":{}}],"line":4},"1":{"loc":{"start":{"line":6,"column":4},"end":{"line":14,"column":5}},"type":"if","locations":[{"start":{"line":6,"column":4},"end":{"line":14,"column":5}},{"start":{},"end":{}}],"line":6},"2":{"loc":{"start":{"line":9,"column":8},"end":{"line":12,"column":9}},"type":"if","locations":[{"start":{"line":9,"column":8},"end":{"line":12,"column":9}},{"start":{},"end":{}}],"line":9}},"s":{"0":1,"1":4,"2":4,"3":4,"4":2,"5":2,"6":6,"7":2,"8":2,"9":4,"10":1},"f":{"0":4},"b":{"0":[4,0],"1":[2,2],"2":[2,4]},"_coverageSchema":"1a1c01bbd47fc00a2c39e90264f33305004495a9","hash":"ad122b285a2221736e9457fa3744e315cdca715c"}
,"D:\\student_projects\\unit_tests\\pickBy.js": {"path":"D:\\student_projects\\unit_tests\\pickBy.js","statementMap":{"0":{"start":{"line":1,"column":31},"end":{"line":1,"column":52}},"1":{"start":{"line":4,"column":2},"end":{"line":14,"column":3}},"2":{"start":{"line":5,"column":19},"end":{"line":5,"column":44}},"3":{"start":{"line":6,"column":4},"end":{"line":12,"column":5}},"4":{"start":{"line":7,"column":6},"end":{"line":11,"column":7}},"5":{"start":{"line":8,"column":8},"end":{"line":10,"column":9}},"6":{"start":{"line":9,"column":10},"end":{"line":9,"column":29}},"7":{"start":{"line":13,"column":4},"end":{"line":13,"column":18}},"8":{"start":{"line":16,"column":0},"end":{"line":16,"column":24}}},"fnMap":{"0":{"name":"pickBy","decl":{"start":{"line":3,"column":9},"end":{"line":3,"column":15}},"loc":{"start":{"line":3,"column":30},"end":{"line":15,"column":1}},"line":3}},"branchMap":{"0":{"loc":{"start":{"line":4,"column":2},"end":{"line":14,"column":3}},"type":"if","locations":[{"start":{"line":4,"column":2},"end":{"line":14,"column":3}},{"start":{},"end":{}}],"line":4},"1":{"loc":{"start":{"line":6,"column":4},"end":{"line":12,"column":5}},"type":"if","locations":[{"start":{"line":6,"column":4},"end":{"line":12,"column":5}},{"start":{},"end":{}}],"line":6},"2":{"loc":{"start":{"line":8,"column":8},"end":{"line":10,"column":9}},"type":"if","locations":[{"start":{"line":8,"column":8},"end":{"line":10,"column":9}},{"start":{},"end":{}}],"line":8}},"s":{"0":1,"1":3,"2":3,"3":3,"4":2,"5":6,"6":2,"7":3,"8":1},"f":{"0":3},"b":{"0":[3,0],"1":[2,1],"2":[2,4]},"_coverageSchema":"1a1c01bbd47fc00a2c39e90264f33305004495a9","hash":"b7ff0f36eb2d12f5511bdfe2c88cdcc0af9bc2a6"}
,"D:\\student_projects\\unit_tests\\take.js": {"path":"D:\\student_projects\\unit_tests\\take.js","statementMap":{"0":{"start":{"line":1,"column":43},"end":{"line":1,"column":64}},"1":{"start":{"line":4,"column":2},"end":{"line":6,"column":3}},"2":{"start":{"line":5,"column":4},"end":{"line":5,"column":34}},"3":{"start":{"line":8,"column":0},"end":{"line":8,"column":22}}},"fnMap":{"0":{"name":"take","decl":{"start":{"line":3,"column":9},"end":{"line":3,"column":13}},"loc":{"start":{"line":3,"column":26},"end":{"line":7,"column":1}},"line":3}},"branchMap":{"0":{"loc":{"start":{"line":3,"column":19},"end":{"line":3,"column":24}},"type":"default-arg","locations":[{"start":{"line":3,"column":23},"end":{"line":3,"column":24}}],"line":3},"1":{"loc":{"start":{"line":4,"column":2},"end":{"line":6,"column":3}},"type":"if","locations":[{"start":{"line":4,"column":2},"end":{"line":6,"column":3}},{"start":{},"end":{}}],"line":4}},"s":{"0":1,"1":7,"2":7,"3":1},"f":{"0":7},"b":{"0":[3],"1":[7,0]},"_coverageSchema":"1a1c01bbd47fc00a2c39e90264f33305004495a9","hash":"2df797eda67c6f27317b267310ffa9dcfe96087b"}
,"D:\\student_projects\\unit_tests\\toPairs.js": {"path":"D:\\student_projects\\unit_tests\\toPairs.js","statementMap":{"0":{"start":{"line":1,"column":31},"end":{"line":1,"column":52}},"1":{"start":{"line":4,"column":2},"end":{"line":10,"column":3}},"2":{"start":{"line":5,"column":19},"end":{"line":5,"column":21}},"3":{"start":{"line":6,"column":4},"end":{"line":8,"column":5}},"4":{"start":{"line":7,"column":6},"end":{"line":7,"column":49}},"5":{"start":{"line":9,"column":4},"end":{"line":9,"column":18}},"6":{"start":{"line":12,"column":0},"end":{"line":12,"column":25}}},"fnMap":{"0":{"name":"toPairs","decl":{"start":{"line":3,"column":9},"end":{"line":3,"column":16}},"loc":{"start":{"line":3,"column":25},"end":{"line":11,"column":1}},"line":3}},"branchMap":{"0":{"loc":{"start":{"line":4,"column":2},"end":{"line":10,"column":3}},"type":"if","locations":[{"start":{"line":4,"column":2},"end":{"line":10,"column":3}},{"start":{},"end":{}}],"line":4}},"s":{"0":1,"1":3,"2":3,"3":3,"4":8,"5":3,"6":1},"f":{"0":3},"b":{"0":[3,0]},"_coverageSchema":"1a1c01bbd47fc00a2c39e90264f33305004495a9","hash":"f49f6d4d5dd5baf649bd0cabda2a0d5fc165ba44"}
,"D:\\student_projects\\unit_tests\\utils.js": {"path":"D:\\student_projects\\unit_tests\\utils.js","statementMap":{"0":{"start":{"line":2,"column":19},"end":{"line":2,"column":21}},"1":{"start":{"line":3,"column":4},"end":{"line":5,"column":5}},"2":{"start":{"line":3,"column":17},"end":{"line":3,"column":18}},"3":{"start":{"line":4,"column":8},"end":{"line":4,"column":39}},"4":{"start":{"line":6,"column":4},"end":{"line":6,"column":18}},"5":{"start":{"line":10,"column":4},"end":{"line":10,"column":49}},"6":{"start":{"line":14,"column":4},"end":{"line":14,"column":50}},"7":{"start":{"line":17,"column":0},"end":{"line":17,"column":72}}},"fnMap":{"0":{"name":"customSlice","decl":{"start":{"line":1,"column":9},"end":{"line":1,"column":20}},"loc":{"start":{"line":1,"column":49},"end":{"line":7,"column":1}},"line":1},"1":{"name":"checkParamIsArray","decl":{"start":{"line":9,"column":9},"end":{"line":9,"column":26}},"loc":{"start":{"line":9,"column":32},"end":{"line":11,"column":1}},"line":9},"2":{"name":"checkParamIsObject","decl":{"start":{"line":13,"column":9},"end":{"line":13,"column":27}},"loc":{"start":{"line":13,"column":33},"end":{"line":15,"column":1}},"line":13}},"branchMap":{"0":{"loc":{"start":{"line":1,"column":26},"end":{"line":1,"column":31}},"type":"default-arg","locations":[{"start":{"line":1,"column":30},"end":{"line":1,"column":31}}],"line":1},"1":{"loc":{"start":{"line":1,"column":33},"end":{"line":1,"column":47}},"type":"default-arg","locations":[{"start":{"line":1,"column":37},"end":{"line":1,"column":47}}],"line":1},"2":{"loc":{"start":{"line":10,"column":11},"end":{"line":10,"column":48}},"type":"cond-expr","locations":[{"start":{"line":10,"column":36},"end":{"line":10,"column":40}},{"start":{"line":10,"column":43},"end":{"line":10,"column":48}}],"line":10},"3":{"loc":{"start":{"line":14,"column":11},"end":{"line":14,"column":49}},"type":"cond-expr","locations":[{"start":{"line":14,"column":37},"end":{"line":14,"column":41}},{"start":{"line":14,"column":44},"end":{"line":14,"column":49}}],"line":14}},"s":{"0":14,"1":14,"2":14,"3":38,"4":14,"5":66,"6":38,"7":16},"f":{"0":14,"1":66,"2":38},"b":{"0":[0],"1":[0],"2":[54,12],"3":[32,6]},"_coverageSchema":"1a1c01bbd47fc00a2c39e90264f33305004495a9","hash":"9f5e6db9805f827757a3c94575162090aeea4157"}
,"D:\\student_projects\\unit_tests\\zip.js": {"path":"D:\\student_projects\\unit_tests\\zip.js","statementMap":{"0":{"start":{"line":1,"column":30},"end":{"line":1,"column":51}},"1":{"start":{"line":4,"column":2},"end":{"line":19,"column":3}},"2":{"start":{"line":5,"column":19},"end":{"line":5,"column":21}},"3":{"start":{"line":6,"column":21},"end":{"line":6,"column":23}},"4":{"start":{"line":7,"column":21},"end":{"line":7,"column":22}},"5":{"start":{"line":8,"column":4},"end":{"line":17,"column":5}},"6":{"start":{"line":8,"column":27},"end":{"line":8,"column":28}},"7":{"start":{"line":9,"column":6},"end":{"line":11,"column":7}},"8":{"start":{"line":9,"column":19},"end":{"line":9,"column":20}},"9":{"start":{"line":10,"column":8},"end":{"line":10,"column":62}},"10":{"start":{"line":12,"column":6},"end":{"line":16,"column":7}},"11":{"start":{"line":13,"column":8},"end":{"line":13,"column":41}},"12":{"start":{"line":14,"column":8},"end":{"line":14,"column":24}},"13":{"start":{"line":15,"column":8},"end":{"line":15,"column":24}},"14":{"start":{"line":18,"column":4},"end":{"line":18,"column":18}},"15":{"start":{"line":21,"column":0},"end":{"line":21,"column":21}}},"fnMap":{"0":{"name":"zip","decl":{"start":{"line":3,"column":9},"end":{"line":3,"column":12}},"loc":{"start":{"line":3,"column":24},"end":{"line":20,"column":1}},"line":3}},"branchMap":{"0":{"loc":{"start":{"line":4,"column":2},"end":{"line":19,"column":3}},"type":"if","locations":[{"start":{"line":4,"column":2},"end":{"line":19,"column":3}},{"start":{},"end":{}}],"line":4},"1":{"loc":{"start":{"line":12,"column":6},"end":{"line":16,"column":7}},"type":"if","locations":[{"start":{"line":12,"column":6},"end":{"line":16,"column":7}},{"start":{},"end":{}}],"line":12}},"s":{"0":1,"1":6,"2":6,"3":6,"4":6,"5":6,"6":6,"7":19,"8":19,"9":39,"10":19,"11":19,"12":19,"13":19,"14":6,"15":1},"f":{"0":6},"b":{"0":[6,0],"1":[19,0]},"_coverageSchema":"1a1c01bbd47fc00a2c39e90264f33305004495a9","hash":"e736e768f808292f35c73e369436ed3a9a6f369d"}
}
