TN:
SF:chunk.js
FN:3,chunk
FNF:1
FNH:1
FNDA:8,chunk
DA:1,1
DA:4,8
DA:5,8
DA:6,8
DA:7,8
DA:8,30
DA:9,30
DA:10,17
DA:11,17
DA:14,8
DA:15,3
DA:17,8
DA:20,1
LF:13
LH:13
BRDA:3,0,0,3
BRDA:4,1,0,8
BRDA:4,1,1,0
BRDA:9,2,0,17
BRDA:9,2,1,13
BRDA:14,3,0,3
BRDA:14,3,1,5
BRF:7
BRH:6
end_of_record
TN:
SF:compact.js
FN:3,compact
FNF:1
FNH:1
FNDA:4,compact
DA:1,1
DA:4,4
DA:5,4
DA:6,4
DA:7,15
DA:8,10
DA:11,4
DA:14,1
LF:8
LH:8
BRDA:4,0,0,4
BRDA:4,0,1,0
BRDA:7,1,0,10
BRDA:7,1,1,5
BRF:4
BRH:3
end_of_record
TN:
SF:drop.js
FN:3,drop
FNF:1
FNH:1
FNDA:6,drop
DA:1,1
DA:4,6
DA:5,6
DA:8,1
LF:4
LH:4
BRDA:3,0,0,3
BRDA:4,1,0,6
BRDA:4,1,1,0
BRF:3
BRH:2
end_of_record
TN:
SF:dropWhile.js
FN:3,dropWhile
FNF:1
FNH:1
FNDA:3,dropWhile
DA:1,1
DA:4,3
DA:5,3
DA:6,3
DA:7,1
DA:8,3
DA:9,6
DA:13,1
DA:19,2
DA:20,3
DA:25,2
DA:26,5
DA:28,2
DA:31,2
DA:33,1
LF:15
LH:15
BRDA:5,0,0,3
BRDA:5,0,1,0
BRDA:6,1,0,1
BRDA:6,1,1,2
BRDA:9,2,0,1
BRDA:9,2,1,5
BRDA:10,3,0,6
BRDA:10,3,1,3
BRDA:20,4,0,2
BRDA:20,4,1,1
BRDA:21,5,0,3
BRDA:21,5,1,1
BRDA:21,5,2,2
BRDA:21,5,3,2
BRF:14
BRH:13
end_of_record
TN:
SF:filter.js
FN:3,filter
FNF:1
FNH:1
FNDA:3,filter
DA:1,1
DA:4,3
DA:5,3
DA:6,3
DA:7,3
DA:8,1
DA:9,3
DA:10,9
DA:14,2
DA:15,2
DA:19,1
DA:21,2
DA:22,1
DA:23,1
DA:24,1
DA:25,3
DA:26,9
DA:27,18
DA:31,2
DA:32,1
DA:33,1
DA:34,1
DA:35,1
DA:36,1
DA:37,0
DA:46,2
DA:47,6
DA:48,1
DA:49,1
DA:50,1
DA:53,2
DA:56,1
LF:32
LH:31
BRDA:4,0,0,3
BRDA:4,0,1,0
BRDA:4,1,0,3
BRDA:4,1,1,0
BRDA:7,2,0,1
BRDA:7,2,1,2
BRDA:10,3,0,2
BRDA:10,3,1,7
BRDA:11,4,0,9
BRDA:11,4,1,3
BRDA:21,5,0,1
BRDA:21,5,1,1
BRDA:27,6,0,2
BRDA:27,6,1,16
BRDA:28,7,0,18
BRDA:28,7,1,6
BRDA:31,8,0,1
BRDA:31,8,1,1
BRDA:36,9,0,0
BRDA:36,9,1,1
BRDA:47,10,0,1
BRDA:47,10,1,5
BRDA:47,11,0,6
BRDA:47,11,1,3
BRF:24
BRH:21
end_of_record
TN:
SF:find.js
FN:3,find
FNF:1
FNH:1
FNDA:3,find
DA:1,1
DA:4,3
DA:6,3
DA:7,1
DA:8,3
DA:9,9
DA:13,2
DA:17,1
DA:19,2
DA:20,1
DA:21,1
DA:22,3
DA:23,9
DA:24,18
DA:28,2
DA:29,2
DA:30,2
DA:31,1
DA:39,1
DA:40,3
DA:41,1
DA:44,0
DA:47,1
LF:23
LH:22
BRDA:3,0,0,3
BRDA:4,1,0,3
BRDA:4,1,1,0
BRDA:4,2,0,3
BRDA:4,2,1,0
BRDA:6,3,0,1
BRDA:6,3,1,2
BRDA:9,4,0,2
BRDA:9,4,1,7
BRDA:10,5,0,9
BRDA:10,5,1,3
BRDA:19,6,0,1
BRDA:19,6,1,1
BRDA:24,7,0,2
BRDA:24,7,1,16
BRDA:25,8,0,18
BRDA:25,8,1,6
BRDA:30,9,0,1
BRDA:30,9,1,1
BRDA:40,10,0,1
BRDA:40,10,1,2
BRDA:40,11,0,3
BRDA:40,11,1,3
BRF:23
BRH:21
end_of_record
TN:
SF:includes.js
FN:3,includes
FNF:1
FNH:1
FNDA:4,includes
DA:1,1
DA:4,4
DA:5,4
DA:6,2
DA:7,2
DA:8,1
DA:12,3
DA:13,2
DA:14,2
DA:15,1
DA:19,2
DA:20,1
DA:21,1
DA:22,1
DA:23,3
DA:24,2
DA:25,2
DA:26,2
DA:27,1
DA:32,1
DA:35,1
LF:21
LH:21
BRDA:3,0,0,3
BRDA:4,1,0,4
BRDA:4,1,1,0
BRDA:4,2,0,4
BRDA:4,2,1,2
BRDA:4,2,2,1
BRDA:5,3,0,2
BRDA:5,3,1,2
BRDA:7,4,0,1
BRDA:7,4,1,1
BRDA:12,5,0,2
BRDA:12,5,1,1
BRDA:14,6,0,1
BRDA:14,6,1,1
BRDA:19,7,0,1
BRDA:19,7,1,1
BRDA:23,8,0,2
BRDA:23,8,1,1
BRDA:26,9,0,1
BRDA:26,9,1,1
BRF:20
BRH:19
end_of_record
TN:
SF:map.js
FN:3,map
FNF:1
FNH:1
FNDA:3,map
DA:1,1
DA:4,3
DA:5,3
DA:7,3
DA:8,1
DA:9,2
DA:11,1
DA:13,2
DA:14,1
DA:15,2
DA:17,1
DA:19,1
DA:20,1
DA:21,2
DA:22,4
DA:23,2
DA:28,1
DA:31,1
LF:18
LH:18
BRDA:4,0,0,3
BRDA:4,0,1,0
BRDA:4,1,0,3
BRDA:4,1,1,1
BRDA:7,2,0,1
BRDA:7,2,1,2
BRDA:7,3,0,3
BRDA:7,3,1,2
BRDA:13,4,0,1
BRDA:13,4,1,1
BRDA:13,5,0,2
BRDA:13,5,1,2
BRDA:19,6,0,1
BRDA:19,6,1,0
BRDA:22,7,0,2
BRDA:22,7,1,2
BRF:16
BRH:14
end_of_record
TN:
SF:merge.js
FN:3,merge
FNF:1
FNH:1
FNDA:6,merge
DA:1,1
DA:4,6
DA:5,6
DA:6,6
DA:7,4
DA:8,2
DA:9,1
DA:10,2
DA:16,4
DA:19,2
DA:20,2
DA:21,3
DA:23,1
DA:24,2
DA:25,1
DA:28,3
DA:30,1
DA:35,2
DA:38,1
LF:19
LH:19
BRDA:4,0,0,6
BRDA:4,0,1,0
BRDA:6,1,0,4
BRDA:6,1,1,2
BRDA:21,2,0,1
BRDA:21,2,1,2
BRDA:21,3,0,3
BRDA:21,3,1,2
BRDA:24,4,0,1
BRDA:24,4,1,1
BRDA:28,5,0,1
BRDA:28,5,1,2
BRDA:28,6,0,3
BRDA:28,6,1,1
BRF:14
BRH:13
end_of_record
TN:
SF:omit.js
FN:3,omit
FNF:1
FNH:1
FNDA:4,omit
DA:1,1
DA:4,4
DA:5,4
DA:6,4
DA:7,2
DA:8,2
DA:9,6
DA:10,4
DA:11,4
DA:15,4
DA:18,1
LF:11
LH:11
BRDA:4,0,0,4
BRDA:4,0,1,0
BRDA:6,1,0,2
BRDA:6,1,1,2
BRDA:9,2,0,4
BRDA:9,2,1,2
BRF:6
BRH:5
end_of_record
TN:
SF:omitBy.js
FN:3,omitBy
FNF:1
FNH:1
FNDA:3,omitBy
DA:1,1
DA:4,3
DA:5,3
DA:6,3
DA:7,2
DA:8,6
DA:9,4
DA:13,3
DA:16,1
LF:9
LH:9
BRDA:4,0,0,3
BRDA:4,0,1,0
BRDA:6,1,0,2
BRDA:6,1,1,1
BRDA:8,2,0,4
BRDA:8,2,1,2
BRF:6
BRH:5
end_of_record
TN:
SF:pick.js
FN:3,pick
FNF:1
FNH:1
FNDA:4,pick
DA:1,1
DA:4,4
DA:5,4
DA:6,4
DA:7,2
DA:8,2
DA:9,6
DA:10,2
DA:11,2
DA:15,4
DA:18,1
LF:11
LH:11
BRDA:4,0,0,4
BRDA:4,0,1,0
BRDA:6,1,0,2
BRDA:6,1,1,2
BRDA:9,2,0,2
BRDA:9,2,1,4
BRF:6
BRH:5
end_of_record
TN:
SF:pickBy.js
FN:3,pickBy
FNF:1
FNH:1
FNDA:3,pickBy
DA:1,1
DA:4,3
DA:5,3
DA:6,3
DA:7,2
DA:8,6
DA:9,2
DA:13,3
DA:16,1
LF:9
LH:9
BRDA:4,0,0,3
BRDA:4,0,1,0
BRDA:6,1,0,2
BRDA:6,1,1,1
BRDA:8,2,0,2
BRDA:8,2,1,4
BRF:6
BRH:5
end_of_record
TN:
SF:take.js
FN:3,take
FNF:1
FNH:1
FNDA:7,take
DA:1,1
DA:4,7
DA:5,7
DA:8,1
LF:4
LH:4
BRDA:3,0,0,3
BRDA:4,1,0,7
BRDA:4,1,1,0
BRF:3
BRH:2
end_of_record
TN:
SF:toPairs.js
FN:3,toPairs
FNF:1
FNH:1
FNDA:3,toPairs
DA:1,1
DA:4,3
DA:5,3
DA:6,3
DA:7,8
DA:9,3
DA:12,1
LF:7
LH:7
BRDA:4,0,0,3
BRDA:4,0,1,0
BRF:2
BRH:1
end_of_record
TN:
SF:utils.js
FN:1,customSlice
FN:9,checkParamIsArray
FN:13,checkParamIsObject
FNF:3
FNH:3
FNDA:14,customSlice
FNDA:66,checkParamIsArray
FNDA:38,checkParamIsObject
DA:2,14
DA:3,14
DA:4,38
DA:6,14
DA:10,66
DA:14,38
DA:17,16
LF:7
LH:7
BRDA:1,0,0,0
BRDA:1,1,0,0
BRDA:10,2,0,54
BRDA:10,2,1,12
BRDA:14,3,0,32
BRDA:14,3,1,6
BRF:6
BRH:4
end_of_record
TN:
SF:zip.js
FN:3,zip
FNF:1
FNH:1
FNDA:6,zip
DA:1,1
DA:4,6
DA:5,6
DA:6,6
DA:7,6
DA:8,6
DA:9,19
DA:10,39
DA:12,19
DA:13,19
DA:14,19
DA:15,19
DA:18,6
DA:21,1
LF:14
LH:14
BRDA:4,0,0,6
BRDA:4,0,1,0
BRDA:12,1,0,19
BRDA:12,1,1,0
BRF:4
BRH:2
end_of_record
